<?xml version="1.0" encoding="UTF-8"?>
<testng-results skipped="0" failed="2" total="5" passed="3">
  <reporter-output>
    <line>
      <![CDATA[INFO: The value found with Environment variable Falcon is: Falcon]]>
    </line>
    <line>
      <![CDATA[INFO: The value found with Environment Module variable all is: all]]>
    </line>
    <line>
      <![CDATA[INFO: Suites requested from user [Falcon-all]]]>
    </line>
    <line>
      <![CDATA[INFO: Building suite for client: Falcon
]]>
    </line>
    <line>
      <![CDATA[INFO: New Suite Created with name: Falcon-GetPosts]]>
    </line>
    <line>
      <![CDATA[<?xml version="1.0" encoding="UTF-8"?>
<!DOCTYPE suite SYSTEM "http://testng.org/testng-1.0.dtd">
<suite name="Falcon-GetPosts">
  <test name="ListPosts">
    <classes>
      <class name="com.sample.rest.testscript.ListPosts"/>
    </classes>
  </test> <!-- ListPosts -->
</suite> <!-- Falcon-GetPosts -->
]]>
    </line>
    <line>
      <![CDATA[INFO: New Suite Created with name: Falcon-CreatePosts]]>
    </line>
    <line>
      <![CDATA[<?xml version="1.0" encoding="UTF-8"?>
<!DOCTYPE suite SYSTEM "http://testng.org/testng-1.0.dtd">
<suite name="Falcon-CreatePosts">
  <test name="Create_Posts">
    <classes>
      <class name="com.sample.rest.testscript.CreatePosts"/>
    </classes>
  </test> <!-- Create_Posts -->
</suite> <!-- Falcon-CreatePosts -->
]]>
    </line>
    <line>
      <![CDATA[Requset Builder created]]>
    </line>
    <line>
      <![CDATA[building request for getting all posts]]>
    </line>
    <line>
      <![CDATA[Sending request to: http://localhost:3001/posts]]>
    </line>
    <line>
      <![CDATA[Response is : HTTP/1.1 200 OK]]>
    </line>
    <line>
      <![CDATA[PASS : Response Status: ACTUAL : 200 	EXPECTED :200]]>
    </line>
    <line>
      <![CDATA[building request for getting commonts for post 1]]>
    </line>
    <line>
      <![CDATA[Sending request to: http://localhost:3001/posts/1/comments]]>
    </line>
    <line>
      <![CDATA[Response is : HTTP/1.1 200 OK]]>
    </line>
    <line>
      <![CDATA[Listing all commonts by post 1 : [
  {
    "id": 1,
    "body": "some comment",
    "postId": 1
  }
]]]>
    </line>
    <line>
      <![CDATA[PASS : Response Status: ACTUAL : 200 	EXPECTED :200]]>
    </line>
    <line>
      <![CDATA[building request for creating post]]>
    </line>
    <line>
      <![CDATA[added body to the request]]>
    </line>
    <line>
      <![CDATA[sending request to : http://localhost:3001/posts]]>
    </line>
    <line>
      <![CDATA[PASS : Response Status: ACTUAL : 201 	EXPECTED :201]]>
    </line>
    <line>
      <![CDATA[Response Body : {
  "id": 2
}]]>
    </line>
    <line>
      <![CDATA[building request for deleting post]]>
    </line>
    <line>
      <![CDATA[sending request to : http://localhost:3001/posts/1]]>
    </line>
    <line>
      <![CDATA[building request for deleting post]]>
    </line>
    <line>
      <![CDATA[sending request to : http://localhost:3001/posts/999]]>
    </line>
    <line>
      <![CDATA[FAIL : expected [200] but found [404]: ACTUAL : 404 	EXPECTED :200]]>
    </line>
    <line>
      <![CDATA[FAIL : expected [true] but found [false]]]>
    </line>
  </reporter-output>
  <suite name="Falcon-GetPosts" duration-ms="1258" started-at="2017-05-30T06:34:17Z" finished-at="2017-05-30T06:34:18Z">
    <groups>
    </groups>
    <test name="ListPosts" duration-ms="1258" started-at="2017-05-30T06:34:17Z" finished-at="2017-05-30T06:34:18Z">
      <class name="com.sample.rest.testscript.ListPosts">
        <test-method status="PASS" signature="preSetup()[pri:0, instance:com.sample.rest.testscript.ListPosts@47a3a64c]" name="preSetup" is-config="true" duration-ms="468" started-at="2017-05-30T12:04:16Z" finished-at="2017-05-30T12:04:17Z">
          <reporter-output>
          </reporter-output>
        </test-method> <!-- preSetup -->
        <test-method status="PASS" signature="testGetAllPosts()[pri:0, instance:com.sample.rest.testscript.ListPosts@47a3a64c]" name="testGetAllPosts" duration-ms="1226" started-at="2017-05-30T12:04:17Z" finished-at="2017-05-30T12:04:18Z">
          <reporter-output>
            <line>
              <![CDATA[Requset Builder created]]>
            </line>
            <line>
              <![CDATA[building request for getting all posts]]>
            </line>
            <line>
              <![CDATA[Sending request to: http://localhost:3001/posts]]>
            </line>
            <line>
              <![CDATA[Response is : HTTP/1.1 200 OK]]>
            </line>
            <line>
              <![CDATA[PASS : Response Status: ACTUAL : 200 	EXPECTED :200]]>
            </line>
          </reporter-output>
        </test-method> <!-- testGetAllPosts -->
        <test-method status="PASS" signature="testGetAllComments()[pri:1, instance:com.sample.rest.testscript.ListPosts@47a3a64c]" name="testGetAllComments" duration-ms="32" started-at="2017-05-30T12:04:18Z" finished-at="2017-05-30T12:04:18Z">
          <reporter-output>
            <line>
              <![CDATA[building request for getting commonts for post 1]]>
            </line>
            <line>
              <![CDATA[Sending request to: http://localhost:3001/posts/1/comments]]>
            </line>
            <line>
              <![CDATA[Response is : HTTP/1.1 200 OK]]>
            </line>
            <line>
              <![CDATA[Listing all commonts by post 1 : [
  {
    "id": 1,
    "body": "some comment",
    "postId": 1
  }
]]]>
            </line>
            <line>
              <![CDATA[PASS : Response Status: ACTUAL : 200 	EXPECTED :200]]>
            </line>
          </reporter-output>
        </test-method> <!-- testGetAllComments -->
        <test-method status="PASS" signature="teardown()[pri:0, instance:com.sample.rest.testscript.ListPosts@47a3a64c]" name="teardown" is-config="true" duration-ms="0" started-at="2017-05-30T12:04:18Z" finished-at="2017-05-30T12:04:18Z">
          <reporter-output>
          </reporter-output>
        </test-method> <!-- teardown -->
      </class> <!-- com.sample.rest.testscript.ListPosts -->
    </test> <!-- ListPosts -->
  </suite> <!-- Falcon-GetPosts -->
  <suite name="Falcon-CreatePosts" duration-ms="966" started-at="2017-05-30T06:34:18Z" finished-at="2017-05-30T06:34:19Z">
    <groups>
    </groups>
    <test name="Create_Posts" duration-ms="966" started-at="2017-05-30T06:34:18Z" finished-at="2017-05-30T06:34:19Z">
      <class name="com.sample.rest.testscript.CreatePosts">
        <test-method status="PASS" signature="testCreatePost()[pri:0, instance:com.sample.rest.testscript.CreatePosts@6d245722]" name="testCreatePost" duration-ms="406" started-at="2017-05-30T12:04:18Z" finished-at="2017-05-30T12:04:19Z">
          <reporter-output>
            <line>
              <![CDATA[building request for creating post]]>
            </line>
            <line>
              <![CDATA[added body to the request]]>
            </line>
            <line>
              <![CDATA[sending request to : http://localhost:3001/posts]]>
            </line>
            <line>
              <![CDATA[PASS : Response Status: ACTUAL : 201 	EXPECTED :201]]>
            </line>
            <line>
              <![CDATA[Response Body : {
  "id": 2
}]]>
            </line>
          </reporter-output>
        </test-method> <!-- testCreatePost -->
        <test-method status="PASS" signature="preSetup()[pri:0, instance:com.sample.rest.testscript.CreatePosts@6d245722]" name="preSetup" is-config="true" duration-ms="0" started-at="2017-05-30T12:04:18Z" finished-at="2017-05-30T12:04:18Z">
          <reporter-output>
          </reporter-output>
        </test-method> <!-- preSetup -->
        <test-method status="FAIL" signature="testDeletePost()[pri:1, instance:com.sample.rest.testscript.CreatePosts@6d245722]" name="testDeletePost" duration-ms="31" started-at="2017-05-30T12:04:19Z" finished-at="2017-05-30T12:04:19Z">
          <exception class="org.apache.http.NoHttpResponseException">
            <message>
              <![CDATA[The target server failed to respond]]>
            </message>
            <full-stacktrace>
              <![CDATA[org.apache.http.NoHttpResponseException: The target server failed to respond
	at org.apache.http.impl.conn.DefaultHttpResponseParser.parseHead(DefaultHttpResponseParser.java:95)
	at org.apache.http.impl.conn.DefaultHttpResponseParser.parseHead(DefaultHttpResponseParser.java:61)
	at org.apache.http.impl.io.AbstractMessageParser.parse(AbstractMessageParser.java:254)
	at org.apache.http.impl.AbstractHttpClientConnection.receiveResponseHeader(AbstractHttpClientConnection.java:289)
	at org.apache.http.impl.conn.DefaultClientConnection.receiveResponseHeader(DefaultClientConnection.java:252)
	at org.apache.http.impl.conn.ManagedClientConnectionImpl.receiveResponseHeader(ManagedClientConnectionImpl.java:191)
	at org.apache.http.protocol.HttpRequestExecutor.doReceiveResponse(HttpRequestExecutor.java:300)
	at org.apache.http.protocol.HttpRequestExecutor.execute(HttpRequestExecutor.java:127)
	at org.apache.http.impl.client.DefaultRequestDirector.tryExecute(DefaultRequestDirector.java:715)
	at org.apache.http.impl.client.DefaultRequestDirector.execute(DefaultRequestDirector.java:520)
	at org.apache.http.impl.client.AbstractHttpClient.execute(AbstractHttpClient.java:906)
	at org.apache.http.impl.client.AbstractHttpClient.execute(AbstractHttpClient.java:805)
	at org.apache.http.client.HttpClient$execute$0.call(Unknown Source)
	at org.codehaus.groovy.runtime.callsite.CallSiteArray.defaultCall(CallSiteArray.java:45)
	at org.apache.http.client.HttpClient$execute$0.call(Unknown Source)
	at com.jayway.restassured.internal.RequestSpecificationImpl$RestAssuredHttpBuilder.doRequest(RequestSpecificationImpl.groovy:1691)
	at com.jayway.restassured.internal.http.HTTPBuilder.doRequest(HTTPBuilder.java:481)
	at com.jayway.restassured.internal.http.HTTPBuilder.request(HTTPBuilder.java:430)
	at com.jayway.restassured.internal.http.HTTPBuilder$request$2.call(Unknown Source)
	at com.jayway.restassured.internal.RequestSpecificationImpl.sendHttpRequest(RequestSpecificationImpl.groovy:1209)
	at com.jayway.restassured.internal.RequestSpecificationImpl.this$2$sendHttpRequest(RequestSpecificationImpl.groovy)
	at sun.reflect.NativeMethodAccessorImpl.invoke0(Native Method)
	at sun.reflect.NativeMethodAccessorImpl.invoke(NativeMethodAccessorImpl.java:62)
	at sun.reflect.DelegatingMethodAccessorImpl.invoke(DelegatingMethodAccessorImpl.java:43)
	at java.lang.reflect.Method.invoke(Method.java:498)
	at org.codehaus.groovy.reflection.CachedMethod.invoke(CachedMethod.java:90)
	at groovy.lang.MetaMethod.doMethodInvoke(MetaMethod.java:233)
	at groovy.lang.MetaClassImpl.invokeMethod(MetaClassImpl.java:1085)
	at groovy.lang.MetaClassImpl.invokeMethod(MetaClassImpl.java:909)
	at groovy.lang.MetaClassImpl.invokeMethod(MetaClassImpl.java:730)
	at com.jayway.restassured.internal.RequestSpecificationImpl.invokeMethod(RequestSpecificationImpl.groovy)
	at org.codehaus.groovy.runtime.callsite.PogoInterceptableSite.call(PogoInterceptableSite.java:45)
	at org.codehaus.groovy.runtime.callsite.PogoInterceptableSite.callCurrent(PogoInterceptableSite.java:55)
	at com.jayway.restassured.internal.RequestSpecificationImpl.sendRequest(RequestSpecificationImpl.groovy:1051)
	at com.jayway.restassured.internal.RequestSpecificationImpl.this$2$sendRequest(RequestSpecificationImpl.groovy)
	at sun.reflect.NativeMethodAccessorImpl.invoke0(Native Method)
	at sun.reflect.NativeMethodAccessorImpl.invoke(NativeMethodAccessorImpl.java:62)
	at sun.reflect.DelegatingMethodAccessorImpl.invoke(DelegatingMethodAccessorImpl.java:43)
	at java.lang.reflect.Method.invoke(Method.java:498)
	at org.codehaus.groovy.reflection.CachedMethod.invoke(CachedMethod.java:90)
	at groovy.lang.MetaMethod.doMethodInvoke(MetaMethod.java:233)
	at groovy.lang.MetaClassImpl.invokeMethod(MetaClassImpl.java:1085)
	at groovy.lang.MetaClassImpl.invokeMethod(MetaClassImpl.java:909)
	at groovy.lang.MetaClassImpl.invokeMethod(MetaClassImpl.java:730)
	at com.jayway.restassured.internal.RequestSpecificationImpl.invokeMethod(RequestSpecificationImpl.groovy)
	at org.codehaus.groovy.runtime.callsite.PogoInterceptableSite.call(PogoInterceptableSite.java:45)
	at org.codehaus.groovy.runtime.callsite.AbstractCallSite.call(AbstractCallSite.java:128)
	at com.jayway.restassured.internal.filter.SendRequestFilter.filter(SendRequestFilter.groovy:31)
	at com.jayway.restassured.filter.Filter$filter.call(Unknown Source)
	at com.jayway.restassured.internal.filter.FilterContextImpl.next(FilterContextImpl.groovy:49)
	at com.jayway.restassured.filter.FilterContext$next.call(Unknown Source)
	at com.jayway.restassured.internal.RequestSpecificationImpl.invokeFilterChain(RequestSpecificationImpl.groovy:926)
	at sun.reflect.NativeMethodAccessorImpl.invoke0(Native Method)
	at sun.reflect.NativeMethodAccessorImpl.invoke(NativeMethodAccessorImpl.java:62)
	at sun.reflect.DelegatingMethodAccessorImpl.invoke(DelegatingMethodAccessorImpl.java:43)
	at java.lang.reflect.Method.invoke(Method.java:498)
	at org.codehaus.groovy.reflection.CachedMethod.invoke(CachedMethod.java:90)
	at groovy.lang.MetaMethod.doMethodInvoke(MetaMethod.java:233)
	at groovy.lang.MetaClassImpl.invokeMethod(MetaClassImpl.java:1085)
	at groovy.lang.MetaClassImpl.invokeMethod(MetaClassImpl.java:909)
	at groovy.lang.MetaClassImpl.invokeMethod(MetaClassImpl.java:730)
	at com.jayway.restassured.internal.RequestSpecificationImpl.invokeMethod(RequestSpecificationImpl.groovy)
	at org.codehaus.groovy.runtime.callsite.PogoInterceptableSite.call(PogoInterceptableSite.java:45)
	at org.codehaus.groovy.runtime.callsite.PogoInterceptableSite.callCurrent(PogoInterceptableSite.java:55)
	at org.codehaus.groovy.runtime.callsite.AbstractCallSite.callCurrent(AbstractCallSite.java:149)
	at com.jayway.restassured.internal.RequestSpecificationImpl.applyPathParamsAndSendRequest(RequestSpecificationImpl.groovy:1347)
	at com.jayway.restassured.internal.RequestSpecificationImpl.this$2$applyPathParamsAndSendRequest(RequestSpecificationImpl.groovy)
	at sun.reflect.NativeMethodAccessorImpl.invoke0(Native Method)
	at sun.reflect.NativeMethodAccessorImpl.invoke(NativeMethodAccessorImpl.java:62)
	at sun.reflect.DelegatingMethodAccessorImpl.invoke(DelegatingMethodAccessorImpl.java:43)
	at java.lang.reflect.Method.invoke(Method.java:498)
	at org.codehaus.groovy.reflection.CachedMethod.invoke(CachedMethod.java:90)
	at groovy.lang.MetaMethod.doMethodInvoke(MetaMethod.java:233)
	at groovy.lang.MetaClassImpl.invokeMethod(MetaClassImpl.java:1085)
	at groovy.lang.MetaClassImpl.invokeMethod(MetaClassImpl.java:909)
	at groovy.lang.MetaClassImpl.invokeMethod(MetaClassImpl.java:730)
	at com.jayway.restassured.internal.RequestSpecificationImpl.invokeMethod(RequestSpecificationImpl.groovy)
	at org.codehaus.groovy.runtime.callsite.PogoInterceptableSite.call(PogoInterceptableSite.java:45)
	at org.codehaus.groovy.runtime.callsite.PogoInterceptableSite.callCurrent(PogoInterceptableSite.java:55)
	at org.codehaus.groovy.runtime.callsite.CallSiteArray.defaultCallCurrent(CallSiteArray.java:49)
	at org.codehaus.groovy.runtime.callsite.AbstractCallSite.callCurrent(AbstractCallSite.java:133)
	at org.codehaus.groovy.runtime.callsite.AbstractCallSite.callCurrent(AbstractCallSite.java:149)
	at com.jayway.restassured.internal.RequestSpecificationImpl.delete(RequestSpecificationImpl.groovy:163)
	at com.jayway.restassured.internal.RequestSpecificationImpl.delete(RequestSpecificationImpl.groovy)
	at sun.reflect.NativeMethodAccessorImpl.invoke0(Native Method)
	at sun.reflect.NativeMethodAccessorImpl.invoke(NativeMethodAccessorImpl.java:62)
	at sun.reflect.DelegatingMethodAccessorImpl.invoke(DelegatingMethodAccessorImpl.java:43)
	at java.lang.reflect.Method.invoke(Method.java:498)
	at org.codehaus.groovy.reflection.CachedMethod.invoke(CachedMethod.java:90)
	at groovy.lang.MetaMethod.doMethodInvoke(MetaMethod.java:233)
	at groovy.lang.MetaClassImpl.invokeMethod(MetaClassImpl.java:1085)
	at groovy.lang.MetaClassImpl.invokeMethod(MetaClassImpl.java:909)
	at groovy.lang.MetaClassImpl.invokeMethod(MetaClassImpl.java:730)
	at com.jayway.restassured.internal.RequestSpecificationImpl.invokeMethod(RequestSpecificationImpl.groovy)
	at org.codehaus.groovy.runtime.callsite.PogoInterceptableSite.call(PogoInterceptableSite.java:45)
	at org.codehaus.groovy.runtime.callsite.CallSiteArray.defaultCall(CallSiteArray.java:45)
	at org.codehaus.groovy.runtime.callsite.AbstractCallSite.call(AbstractCallSite.java:108)
	at org.codehaus.groovy.runtime.callsite.AbstractCallSite.call(AbstractCallSite.java:120)
	at com.jayway.restassured.internal.ResponseSpecificationImpl.delete(ResponseSpecificationImpl.groovy:278)
	at com.jayway.restassured.internal.ResponseSpecificationImpl.delete(ResponseSpecificationImpl.groovy)
	at com.atmecs.falcon.automation.rest.endpoint.ResponseOptions.delete(ResponseOptions.java:77)
	at com.sample.rest.testscript.CreatePosts.testDeletePost(CreatePosts.java:36)
	at sun.reflect.NativeMethodAccessorImpl.invoke0(Native Method)
	at sun.reflect.NativeMethodAccessorImpl.invoke(NativeMethodAccessorImpl.java:62)
	at sun.reflect.DelegatingMethodAccessorImpl.invoke(DelegatingMethodAccessorImpl.java:43)
	at java.lang.reflect.Method.invoke(Method.java:498)
	at org.testng.internal.MethodInvocationHelper.invokeMethod(MethodInvocationHelper.java:85)
	at org.testng.internal.Invoker.invokeMethod(Invoker.java:639)
	at org.testng.internal.Invoker.invokeTestMethod(Invoker.java:816)
	at org.testng.internal.Invoker.invokeTestMethods(Invoker.java:1124)
	at org.testng.internal.TestMethodWorker.invokeTestMethods(TestMethodWorker.java:125)
	at org.testng.internal.TestMethodWorker.run(TestMethodWorker.java:108)
	at org.testng.TestRunner.privateRun(TestRunner.java:774)
	at org.testng.TestRunner.run(TestRunner.java:624)
	at org.testng.SuiteRunner.runTest(SuiteRunner.java:359)
	at org.testng.SuiteRunner.runSequentially(SuiteRunner.java:354)
	at org.testng.SuiteRunner.privateRun(SuiteRunner.java:312)
	at org.testng.SuiteRunner.run(SuiteRunner.java:261)
	at org.testng.SuiteRunnerWorker.runSuite(SuiteRunnerWorker.java:52)
	at org.testng.SuiteRunnerWorker.run(SuiteRunnerWorker.java:86)
	at org.testng.TestNG.runSuitesSequentially(TestNG.java:1215)
	at org.testng.TestNG.runSuitesLocally(TestNG.java:1140)
	at org.testng.TestNG.run(TestNG.java:1048)
	at com.sample.rest.runner.TestNGRunner.main(TestNGRunner.java:53)
	at sun.reflect.NativeMethodAccessorImpl.invoke0(Native Method)
	at sun.reflect.NativeMethodAccessorImpl.invoke(NativeMethodAccessorImpl.java:62)
	at sun.reflect.DelegatingMethodAccessorImpl.invoke(DelegatingMethodAccessorImpl.java:43)
	at java.lang.reflect.Method.invoke(Method.java:498)
	at org.codehaus.mojo.exec.ExecJavaMojo$1.run(ExecJavaMojo.java:293)
	at java.lang.Thread.run(Thread.java:745)
]]>
            </full-stacktrace>
          </exception> <!-- org.apache.http.NoHttpResponseException -->
          <reporter-output>
            <line>
              <![CDATA[building request for deleting post]]>
            </line>
            <line>
              <![CDATA[sending request to : http://localhost:3001/posts/1]]>
            </line>
          </reporter-output>
        </test-method> <!-- testDeletePost -->
        <test-method status="FAIL" signature="testDeletePostNotFound()[pri:2, instance:com.sample.rest.testscript.CreatePosts@6d245722]" name="testDeletePostNotFound" duration-ms="529" started-at="2017-05-30T12:04:19Z" finished-at="2017-05-30T12:04:19Z">
          <exception class="java.lang.AssertionError">
            <message>
              <![CDATA[The post you are trying to delete was not found]]>
            </message>
            <full-stacktrace>
              <![CDATA[java.lang.AssertionError: The post you are trying to delete was not found
	at org.testng.Assert.fail(Assert.java:94)
	at com.atmecs.falcon.automation.verifyresult.VerificationManager.verifyTrueAndStopTest(VerificationManager.java:337)
	at com.sample.rest.testscript.CreatePosts.testDeletePostNotFound(CreatePosts.java:49)
	at sun.reflect.NativeMethodAccessorImpl.invoke0(Native Method)
	at sun.reflect.NativeMethodAccessorImpl.invoke(NativeMethodAccessorImpl.java:62)
	at sun.reflect.DelegatingMethodAccessorImpl.invoke(DelegatingMethodAccessorImpl.java:43)
	at java.lang.reflect.Method.invoke(Method.java:498)
	at org.testng.internal.MethodInvocationHelper.invokeMethod(MethodInvocationHelper.java:85)
	at org.testng.internal.Invoker.invokeMethod(Invoker.java:639)
	at org.testng.internal.Invoker.invokeTestMethod(Invoker.java:816)
	at org.testng.internal.Invoker.invokeTestMethods(Invoker.java:1124)
	at org.testng.internal.TestMethodWorker.invokeTestMethods(TestMethodWorker.java:125)
	at org.testng.internal.TestMethodWorker.run(TestMethodWorker.java:108)
	at org.testng.TestRunner.privateRun(TestRunner.java:774)
	at org.testng.TestRunner.run(TestRunner.java:624)
	at org.testng.SuiteRunner.runTest(SuiteRunner.java:359)
	at org.testng.SuiteRunner.runSequentially(SuiteRunner.java:354)
	at org.testng.SuiteRunner.privateRun(SuiteRunner.java:312)
	at org.testng.SuiteRunner.run(SuiteRunner.java:261)
	at org.testng.SuiteRunnerWorker.runSuite(SuiteRunnerWorker.java:52)
	at org.testng.SuiteRunnerWorker.run(SuiteRunnerWorker.java:86)
	at org.testng.TestNG.runSuitesSequentially(TestNG.java:1215)
	at org.testng.TestNG.runSuitesLocally(TestNG.java:1140)
	at org.testng.TestNG.run(TestNG.java:1048)
	at com.sample.rest.runner.TestNGRunner.main(TestNGRunner.java:53)
	at sun.reflect.NativeMethodAccessorImpl.invoke0(Native Method)
	at sun.reflect.NativeMethodAccessorImpl.invoke(NativeMethodAccessorImpl.java:62)
	at sun.reflect.DelegatingMethodAccessorImpl.invoke(DelegatingMethodAccessorImpl.java:43)
	at java.lang.reflect.Method.invoke(Method.java:498)
	at org.codehaus.mojo.exec.ExecJavaMojo$1.run(ExecJavaMojo.java:293)
	at java.lang.Thread.run(Thread.java:745)
]]>
            </full-stacktrace>
          </exception> <!-- java.lang.AssertionError -->
          <reporter-output>
            <line>
              <![CDATA[building request for deleting post]]>
            </line>
            <line>
              <![CDATA[sending request to : http://localhost:3001/posts/999]]>
            </line>
            <line>
              <![CDATA[FAIL : expected [200] but found [404]: ACTUAL : 404 	EXPECTED :200]]>
            </line>
            <line>
              <![CDATA[FAIL : expected [true] but found [false]]]>
            </line>
          </reporter-output>
        </test-method> <!-- testDeletePostNotFound -->
        <test-method status="PASS" signature="teardown()[pri:0, instance:com.sample.rest.testscript.CreatePosts@6d245722]" name="teardown" is-config="true" duration-ms="1" started-at="2017-05-30T12:04:19Z" finished-at="2017-05-30T12:04:19Z">
          <reporter-output>
          </reporter-output>
        </test-method> <!-- teardown -->
      </class> <!-- com.sample.rest.testscript.CreatePosts -->
    </test> <!-- Create_Posts -->
  </suite> <!-- Falcon-CreatePosts -->
</testng-results>
